<?xml version="1.0" encoding="UTF-8"?>
<testsuite name="TraderTest" tests="3" skipped="0" failures="0" errors="0" timestamp="2022-10-07T22:52:41" hostname="LAPTOP-RFMCNMFT" time="0.002">
  <properties/>
  <testcase name="TestEmptyConstructor" classname="TraderTest" time="0.001"/>
  <testcase name="TestAddToWishlist" classname="TraderTest" time="0.001"/>
  <testcase name="TestGetSellingPrice" classname="TraderTest" time="0.0"/>
  <system-out><![CDATA[]]></system-out>
  <system-err><![CDATA[]]></system-err>
</testsuite>
